app_glowna_backend.1.drp11er0qxkr@centos-l2.novalocal    | b'{"usage": 3.8, "timestamp": "2020-11-17 22:03:09.822487"}'
app_glowna_backend.1.drp11er0qxkr@centos-l2.novalocal    | b'{"usage": 2.5, "timestamp": "2020-11-17 22:03:39.870515"}'
app_glowna_backend.1.drp11er0qxkr@centos-l2.novalocal    | b'{"usage": 4.1, "timestamp": "2020-11-17 22:04:09.941198"}'
app_glowna_backend.1.drp11er0qxkr@centos-l2.novalocal    | b'{"usage": 2.7, "timestamp": "2020-11-17 22:04:40.012153"}'
app_glowna_backend.1.drp11er0qxkr@centos-l2.novalocal    | b'{"usage": 4.0, "timestamp": "2020-11-17 22:05:10.057572"}'
app_glowna_backend.1.drp11er0qxkr@centos-l2.novalocal    | b'{"usage": 2.7, "timestamp": "2020-11-17 22:05:40.109569"}'
app_glowna_backend.1.drp11er0qxkr@centos-l2.novalocal    | b'{"usage": 4.1, "timestamp": "2020-11-17 22:06:10.180039"}'
app_glowna_backend.1.drp11er0qxkr@centos-l2.novalocal    | b'{"usage": 2.8, "timestamp": "2020-11-17 22:06:40.228933"}'
app_glowna_backend.1.drp11er0qxkr@centos-l2.novalocal    | b'{"usage": 3.9, "timestamp": "2020-11-17 22:07:10.292821"}'
app_glowna_backend.1.drp11er0qxkr@centos-l2.novalocal    | b'{"usage": 2.6, "timestamp": "2020-11-17 22:07:40.364157"}'
app_glowna_backend.1.drp11er0qxkr@centos-l2.novalocal    | b'{"usage": 3.8, "timestamp": "2020-11-17 22:08:10.438276"}'
app_glowna_backend.1.drp11er0qxkr@centos-l2.novalocal    | b'{"usage": 2.7, "timestamp": "2020-11-17 22:08:40.509526"}'
app_glowna_backend.1.drp11er0qxkr@centos-l2.novalocal    | b'{"usage": 3.9, "timestamp": "2020-11-17 22:09:10.581329"}'
app_glowna_backend.1.drp11er0qxkr@centos-l2.novalocal    | b'{"usage": 2.9, "timestamp": "2020-11-17 22:09:40.652115"}'
app_glowna_backend.1.drp11er0qxkr@centos-l2.novalocal    | b'{"usage": 4.0, "timestamp": "2020-11-17 22:10:10.723177"}'
app_glowna_backend.1.drp11er0qxkr@centos-l2.novalocal    | b'{"usage": 2.7, "timestamp": "2020-11-17 22:10:40.794051"}'
app_glowna_backend.1.drp11er0qxkr@centos-l2.novalocal    | b'{"usage": 3.8, "timestamp": "2020-11-17 22:11:10.864875"}'
app_glowna_backend.1.drp11er0qxkr@centos-l2.novalocal    | b'{"usage": 2.5, "timestamp": "2020-11-17 22:11:40.936194"}'
app_glowna_backend.1.drp11er0qxkr@centos-l2.novalocal    | b'{"usage": 3.9, "timestamp": "2020-11-17 22:12:11.007167"}'
app_glowna_backend.1.drp11er0qxkr@centos-l2.novalocal    | b'{"usage": 2.5, "timestamp": "2020-11-17 22:12:41.057520"}'
app_glowna_backend.1.drp11er0qxkr@centos-l2.novalocal    | b'{"usage": 4.0, "timestamp": "2020-11-17 22:13:11.128164"}'
app_glowna_backend.1.drp11er0qxkr@centos-l2.novalocal    | b'{"usage": 2.6, "timestamp": "2020-11-17 22:13:41.169734"}'
app_glowna_backend.1.drp11er0qxkr@centos-l2.novalocal    | b'{"usage": 4.0, "timestamp": "2020-11-17 22:14:11.241341"}'
app_glowna_backend.1.drp11er0qxkr@centos-l2.novalocal    | b'{"usage": 2.9, "timestamp": "2020-11-17 22:14:41.312587"}'
app_glowna_backend.1.drp11er0qxkr@centos-l2.novalocal    | b'{"usage": 3.9, "timestamp": "2020-11-17 22:15:11.378665"}'
app_glowna_backend.1.drp11er0qxkr@centos-l2.novalocal    | b'{"usage": 2.7, "timestamp": "2020-11-17 22:15:41.438170"}'
app_glowna_backend.1.drp11er0qxkr@centos-l2.novalocal    | b'{"usage": 3.8, "timestamp": "2020-11-17 22:16:11.499540"}'
app_glowna_backend.1.drp11er0qxkr@centos-l2.novalocal    | b'{"usage": 3.2, "timestamp": "2020-11-17 22:16:41.570141"}'
app_glowna_backend.1.drp11er0qxkr@centos-l2.novalocal    | b'{"usage": 3.9, "timestamp": "2020-11-17 22:17:11.641093"}'
app_glowna_backend.1.drp11er0qxkr@centos-l2.novalocal    | b'{"usage": 2.7, "timestamp": "2020-11-17 22:17:41.689681"}'
app_glowna_backend.1.drp11er0qxkr@centos-l2.novalocal    | b'{"usage": 4.0, "timestamp": "2020-11-17 22:18:11.732815"}'
app_glowna_backend.1.drp11er0qxkr@centos-l2.novalocal    | b'{"usage": 2.7, "timestamp": "2020-11-17 22:18:41.797846"}'
app_glowna_backend.1.drp11er0qxkr@centos-l2.novalocal    | b'{"usage": 3.7, "timestamp": "2020-11-17 22:19:11.863424"}'
app_glowna_backend.1.drp11er0qxkr@centos-l2.novalocal    | b'{"usage": 2.6, "timestamp": "2020-11-17 22:19:41.934156"}'
app_glowna_backend.1.drp11er0qxkr@centos-l2.novalocal    | b'{"usage": 3.9, "timestamp": "2020-11-17 22:20:12.001076"}'
app_glowna_backend.1.drp11er0qxkr@centos-l2.novalocal    | b'{"usage": 2.7, "timestamp": "2020-11-17 22:20:42.069841"}'
app_glowna_backend.1.drp11er0qxkr@centos-l2.novalocal    | b'{"usage": 3.8, "timestamp": "2020-11-17 22:21:12.117456"}'
app_glowna_backend.1.drp11er0qxkr@centos-l2.novalocal    | b'{"usage": 3.0, "timestamp": "2020-11-17 22:21:42.168485"}'
app_glowna_backend.1.drp11er0qxkr@centos-l2.novalocal    | b'{"usage": 4.1, "timestamp": "2020-11-17 22:22:12.228483"}'
app_glowna_backend.1.drp11er0qxkr@centos-l2.novalocal    | b'{"usage": 2.6, "timestamp": "2020-11-17 22:22:42.296491"}'
app_glowna_backend.1.drp11er0qxkr@centos-l2.novalocal    | b'{"usage": 3.8, "timestamp": "2020-11-17 22:23:12.348498"}'
app_glowna_backend.1.khhge5d0zv9t@centos-l2.novalocal    | b'{"usage": 2.7, "timestamp": "2020-11-17 09:04:57.490496"}'
app_glowna_backend.1.drp11er0qxkr@centos-l2.novalocal    | b'{"usage": 3.0, "timestamp": "2020-11-17 22:23:42.408482"}'
app_glowna_backend.1.khhge5d0zv9t@centos-l2.novalocal    | b'{"usage": 3.5, "timestamp": "2020-11-17 09:05:27.550521"}'
app_glowna_backend.1.khhge5d0zv9t@centos-l2.novalocal    | b'{"usage": 2.6, "timestamp": "2020-11-17 09:05:57.610477"}'
app_glowna_backend.1.drp11er0qxkr@centos-l2.novalocal    | b'{"usage": 3.8, "timestamp": "2020-11-17 22:24:12.468501"}'
app_glowna_backend.1.khhge5d0zv9t@centos-l2.novalocal    | b'{"usage": 3.3, "timestamp": "2020-11-17 09:06:27.672491"}'
app_glowna_backend.1.khhge5d0zv9t@centos-l2.novalocal    | b'{"usage": 3.0, "timestamp": "2020-11-17 09:06:57.734692"}'
app_glowna_backend.1.drp11er0qxkr@centos-l2.novalocal    | b'{"usage": 2.7, "timestamp": "2020-11-17 22:24:42.538406"}'
app_glowna_backend.1.khhge5d0zv9t@centos-l2.novalocal    | b'{"usage": 3.6, "timestamp": "2020-11-17 09:07:27.798415"}'
app_glowna_backend.1.drp11er0qxkr@centos-l2.novalocal    | b'{"usage": 4.0, "timestamp": "2020-11-17 22:25:12.599449"}'
app_glowna_backend.1.khhge5d0zv9t@centos-l2.novalocal    | b'{"usage": 2.8, "timestamp": "2020-11-17 09:07:57.854483"}'
app_glowna_backend.1.khhge5d0zv9t@centos-l2.novalocal    | b'{"usage": 3.4, "timestamp": "2020-11-17 09:08:27.916654"}'
app_glowna_backend.1.drp11er0qxkr@centos-l2.novalocal    | b'{"usage": 2.7, "timestamp": "2020-11-17 22:25:42.657798"}'
app_glowna_backend.1.khhge5d0zv9t@centos-l2.novalocal    | b'{"usage": 2.8, "timestamp": "2020-11-17 09:08:57.976531"}'
app_glowna_backend.1.drp11er0qxkr@centos-l2.novalocal    | b'{"usage": 3.8, "timestamp": "2020-11-17 22:26:12.708802"}'
app_glowna_backend.1.khhge5d0zv9t@centos-l2.novalocal    | b'{"usage": 3.4, "timestamp": "2020-11-17 09:09:28.036485"}'
app_glowna_backend.1.drp11er0qxkr@centos-l2.novalocal    | b'{"usage": 2.8, "timestamp": "2020-11-17 22:26:42.773466"}'
app_glowna_backend.1.khhge5d0zv9t@centos-l2.novalocal    | b'{"usage": 2.7, "timestamp": "2020-11-17 09:09:58.107241"}'
app_glowna_backend.1.khhge5d0zv9t@centos-l2.novalocal    | b'{"usage": 3.6, "timestamp": "2020-11-17 09:10:28.168514"}'
app_glowna_backend.1.drp11er0qxkr@centos-l2.novalocal    | b'{"usage": 3.8, "timestamp": "2020-11-17 22:27:12.840448"}'
app_glowna_backend.1.khhge5d0zv9t@centos-l2.novalocal    | b'{"usage": 2.7, "timestamp": "2020-11-17 09:10:58.232557"}'
app_glowna_backend.1.khhge5d0zv9t@centos-l2.novalocal    | b'{"usage": 3.5, "timestamp": "2020-11-17 09:11:28.294519"}'
app_glowna_backend.1.khhge5d0zv9t@centos-l2.novalocal    | b'{"usage": 3.0, "timestamp": "2020-11-17 09:11:58.354566"}'
app_glowna_backend.1.drp11er0qxkr@centos-l2.novalocal    | b'{"usage": 2.7, "timestamp": "2020-11-17 22:27:42.908904"}'
app_glowna_backend.1.khhge5d0zv9t@centos-l2.novalocal    | b'{"usage": 3.7, "timestamp": "2020-11-17 09:12:28.422549"}'
app_glowna_backend.1.khhge5d0zv9t@centos-l2.novalocal    | b'{"usage": 3.3, "timestamp": "2020-11-17 09:12:58.488624"}'
app_glowna_backend.1.drp11er0qxkr@centos-l2.novalocal    | b'{"usage": 3.8, "timestamp": "2020-11-17 22:28:12.974514"}'
app_glowna_backend.1.khhge5d0zv9t@centos-l2.novalocal    | b'{"usage": 3.5, "timestamp": "2020-11-17 09:13:28.550614"}'
app_glowna_backend.1.khhge5d0zv9t@centos-l2.novalocal    | b'{"usage": 2.8, "timestamp": "2020-11-17 09:13:58.610465"}'
app_glowna_backend.1.drp11er0qxkr@centos-l2.novalocal    | b'{"usage": 2.6, "timestamp": "2020-11-17 22:28:43.041912"}'
app_glowna_backend.1.khhge5d0zv9t@centos-l2.novalocal    | b'{"usage": 3.4, "timestamp": "2020-11-17 09:14:28.680393"}'
app_glowna_backend.1.khhge5d0zv9t@centos-l2.novalocal    | b'{"usage": 2.9, "timestamp": "2020-11-17 09:14:58.744498"}'
app_glowna_backend.1.drp11er0qxkr@centos-l2.novalocal    | b'{"usage": 3.8, "timestamp": "2020-11-17 22:29:13.113128"}'
app_glowna_backend.1.khhge5d0zv9t@centos-l2.novalocal    | b'{"usage": 3.5, "timestamp": "2020-11-17 09:15:28.804488"}'
app_glowna_backend.1.drp11er0qxkr@centos-l2.novalocal    | b'{"usage": 3.4, "timestamp": "2020-11-17 22:29:43.184021"}'
app_glowna_backend.1.khhge5d0zv9t@centos-l2.novalocal    | b'{"usage": 2.7, "timestamp": "2020-11-17 09:15:58.864494"}'
app_glowna_backend.1.khhge5d0zv9t@centos-l2.novalocal    | b'{"usage": 3.3, "timestamp": "2020-11-17 09:16:28.930648"}'
app_glowna_backend.1.drp11er0qxkr@centos-l2.novalocal    | b'{"usage": 3.0, "timestamp": "2020-11-17 22:30:13.254414"}'
app_glowna_backend.1.khhge5d0zv9t@centos-l2.novalocal    | b'{"usage": 2.9, "timestamp": "2020-11-17 09:16:58.977579"}'
app_glowna_backend.1.khhge5d0zv9t@centos-l2.novalocal    | b'{"usage": 3.7, "timestamp": "2020-11-17 09:17:29.048279"}'
app_glowna_backend.1.drp11er0qxkr@centos-l2.novalocal    | b'{"usage": 3.7, "timestamp": "2020-11-17 22:30:43.325182"}'
app_glowna_backend.1.khhge5d0zv9t@centos-l2.novalocal    | b'{"usage": 3.0, "timestamp": "2020-11-17 09:17:59.106601"}'
app_glowna_backend.1.drp11er0qxkr@centos-l2.novalocal    | b'{"usage": 3.0, "timestamp": "2020-11-17 22:31:13.392480"}'
app_glowna_backend.1.khhge5d0zv9t@centos-l2.novalocal    | b'{"usage": 3.6, "timestamp": "2020-11-17 09:18:29.177245"}'
app_glowna_backend.1.khhge5d0zv9t@centos-l2.novalocal    | b'{"usage": 2.7, "timestamp": "2020-11-17 09:18:59.230509"}'
app_glowna_backend.1.khhge5d0zv9t@centos-l2.novalocal    | b'{"usage": 3.4, "timestamp": "2020-11-17 09:19:29.273421"}'
app_glowna_backend.1.drp11er0qxkr@centos-l2.novalocal    | b'{"usage": 3.7, "timestamp": "2020-11-17 22:31:43.457117"}'
app_glowna_backend.1.khhge5d0zv9t@centos-l2.novalocal    | b'{"usage": 2.8, "timestamp": "2020-11-17 09:19:59.344073"}'
app_glowna_backend.1.khhge5d0zv9t@centos-l2.novalocal    | b'{"usage": 3.6, "timestamp": "2020-11-17 09:20:29.401483"}'
app_glowna_backend.1.drp11er0qxkr@centos-l2.novalocal    | b'{"usage": 3.0, "timestamp": "2020-11-17 22:32:13.508126"}'
app_glowna_backend.1.khhge5d0zv9t@centos-l2.novalocal    | b'{"usage": 2.7, "timestamp": "2020-11-17 09:20:59.468522"}'
app_glowna_backend.1.drp11er0qxkr@centos-l2.novalocal    | b'{"usage": 4.0, "timestamp": "2020-11-17 22:32:43.579251"}'
app_glowna_backend.1.khhge5d0zv9t@centos-l2.novalocal    | b'{"usage": 3.4, "timestamp": "2020-11-17 09:21:29.539141"}'
app_glowna_backend.1.khhge5d0zv9t@centos-l2.novalocal    | b'{"usage": 2.9, "timestamp": "2020-11-17 09:21:59.580596"}'
app_glowna_backend.1.khhge5d0zv9t@centos-l2.novalocal    | b'{"usage": 3.3, "timestamp": "2020-11-17 09:22:29.652135"}'
app_glowna_backend.1.drp11er0qxkr@centos-l2.novalocal    | b'{"usage": 2.9, "timestamp": "2020-11-17 22:33:13.650721"}'
app_glowna_backend.1.khhge5d0zv9t@centos-l2.novalocal    | b'{"usage": 2.7, "timestamp": "2020-11-17 09:22:59.723170"}'
app_glowna_backend.1.drp11er0qxkr@centos-l2.novalocal    | b'{"usage": 3.6, "timestamp": "2020-11-17 22:33:43.720853"}'
app_glowna_backend.1.khhge5d0zv9t@centos-l2.novalocal    | b'{"usage": 3.3, "timestamp": "2020-11-17 09:23:29.794150"}'
app_glowna_backend.1.khhge5d0zv9t@centos-l2.novalocal    | b'{"usage": 2.6, "timestamp": "2020-11-17 09:23:59.849510"}'
app_glowna_backend.1.drp11er0qxkr@centos-l2.novalocal    | b'{"usage": 2.9, "timestamp": "2020-11-17 22:34:13.783040"}'
app_glowna_backend.1.khhge5d0zv9t@centos-l2.novalocal    | b'{"usage": 3.8, "timestamp": "2020-11-17 09:24:29.920333"}'
app_glowna_backend.1.khhge5d0zv9t@centos-l2.novalocal    | b'{"usage": 2.8, "timestamp": "2020-11-17 09:24:59.991370"}'
app_glowna_backend.1.drp11er0qxkr@centos-l2.novalocal    | b'{"usage": 3.5, "timestamp": "2020-11-17 22:34:43.854362"}'
app_glowna_backend.1.khhge5d0zv9t@centos-l2.novalocal    | b'{"usage": 3.3, "timestamp": "2020-11-17 09:25:30.045477"}'
app_glowna_backend.1.khhge5d0zv9t@centos-l2.novalocal    | b'{"usage": 2.8, "timestamp": "2020-11-17 09:26:00.108664"}'
app_glowna_backend.1.drp11er0qxkr@centos-l2.novalocal    | b'{"usage": 2.8, "timestamp": "2020-11-17 22:35:13.913825"}'
app_glowna_backend.1.khhge5d0zv9t@centos-l2.novalocal    | b'{"usage": 3.7, "timestamp": "2020-11-17 09:26:30.171397"}'
app_glowna_backend.1.drp11er0qxkr@centos-l2.novalocal    | b'{"usage": 3.4, "timestamp": "2020-11-17 22:35:43.981080"}'
app_glowna_backend.1.khhge5d0zv9t@centos-l2.novalocal    | b'{"usage": 3.2, "timestamp": "2020-11-17 09:27:00.241213"}'
app_glowna_backend.1.khhge5d0zv9t@centos-l2.novalocal    | b'{"usage": 3.5, "timestamp": "2020-11-17 09:27:30.291654"}'
app_glowna_backend.1.drp11er0qxkr@centos-l2.novalocal    | b'{"usage": 2.8, "timestamp": "2020-11-17 22:36:14.025373"}'
app_glowna_backend.1.khhge5d0zv9t@centos-l2.novalocal    | b'{"usage": 2.6, "timestamp": "2020-11-17 09:28:00.359337"}'
app_glowna_backend.1.khhge5d0zv9t@centos-l2.novalocal    | b'{"usage": 3.4, "timestamp": "2020-11-17 09:28:30.414520"}'
app_glowna_backend.1.drp11er0qxkr@centos-l2.novalocal    | b'{"usage": 3.7, "timestamp": "2020-11-17 22:36:44.079523"}'
app_glowna_backend.1.khhge5d0zv9t@centos-l2.novalocal    | b'{"usage": 2.7, "timestamp": "2020-11-17 09:29:00.485953"}'
app_glowna_backend.1.drp11er0qxkr@centos-l2.novalocal    | b'{"usage": 3.0, "timestamp": "2020-11-17 22:37:14.133895"}'
app_glowna_backend.1.khhge5d0zv9t@centos-l2.novalocal    | b'{"usage": 3.7, "timestamp": "2020-11-17 09:29:30.547475"}'
app_glowna_backend.1.khhge5d0zv9t@centos-l2.novalocal    | b'{"usage": 3.3, "timestamp": "2020-11-17 09:30:00.608434"}'
app_glowna_backend.1.khhge5d0zv9t@centos-l2.novalocal    | b'{"usage": 3.5, "timestamp": "2020-11-17 09:30:30.657475"}'
app_glowna_backend.1.khhge5d0zv9t@centos-l2.novalocal    | b'{"usage": 2.7, "timestamp": "2020-11-17 09:31:00.727481"}'
app_glowna_backend.1.drp11er0qxkr@centos-l2.novalocal    | b'{"usage": 3.5, "timestamp": "2020-11-17 22:37:44.193456"}'
app_glowna_backend.1.khhge5d0zv9t@centos-l2.novalocal    | b'{"usage": 3.6, "timestamp": "2020-11-17 09:31:30.774916"}'
app_glowna_backend.1.khhge5d0zv9t@centos-l2.novalocal    | b'{"usage": 2.8, "timestamp": "2020-11-17 09:32:00.835572"}'
app_glowna_backend.1.drp11er0qxkr@centos-l2.novalocal    | b'{"usage": 2.9, "timestamp": "2020-11-17 22:38:14.241868"}'
app_glowna_backend.1.khhge5d0zv9t@centos-l2.novalocal    | b'{"usage": 3.3, "timestamp": "2020-11-17 09:32:30.889482"}'
app_glowna_backend.1.drp11er0qxkr@centos-l2.novalocal    | b'{"usage": 3.5, "timestamp": "2020-11-17 22:38:44.283772"}'
app_glowna_backend.1.khhge5d0zv9t@centos-l2.novalocal    | b'{"usage": 2.9, "timestamp": "2020-11-17 09:33:00.936568"}'
app_glowna_backend.1.khhge5d0zv9t@centos-l2.novalocal    | b'{"usage": 3.5, "timestamp": "2020-11-17 09:33:31.007200"}'
app_glowna_backend.1.khhge5d0zv9t@centos-l2.novalocal    | b'{"usage": 2.8, "timestamp": "2020-11-17 09:34:01.078181"}'
app_glowna_backend.1.khhge5d0zv9t@centos-l2.novalocal    | b'{"usage": 3.5, "timestamp": "2020-11-17 09:34:31.132541"}'
app_glowna_backend.1.khhge5d0zv9t@centos-l2.novalocal    | b'{"usage": 3.0, "timestamp": "2020-11-17 09:35:01.203129"}'
app_glowna_backend.1.khhge5d0zv9t@centos-l2.novalocal    | b'{"usage": 3.8, "timestamp": "2020-11-17 09:35:31.257116"}'
app_glowna_backend.1.khhge5d0zv9t@centos-l2.novalocal    | b'{"usage": 2.7, "timestamp": "2020-11-17 09:36:01.320554"}'
app_glowna_backend.1.khhge5d0zv9t@centos-l2.novalocal    | b'{"usage": 3.5, "timestamp": "2020-11-17 09:36:31.391244"}'
app_glowna_backend.1.khhge5d0zv9t@centos-l2.novalocal    | b'{"usage": 2.9, "timestamp": "2020-11-17 09:37:01.462348"}'
app_glowna_backend.1.khhge5d0zv9t@centos-l2.novalocal    | b'{"usage": 3.9, "timestamp": "2020-11-17 09:37:31.525876"}'
app_glowna_backend.1.khhge5d0zv9t@centos-l2.novalocal    | b'{"usage": 2.8, "timestamp": "2020-11-17 09:38:01.597155"}'
app_glowna_backend.1.mfrjncog699u@centos-l2.novalocal    | sh: ./wait-for: not found
app_glowna_backend.1.khhge5d0zv9t@centos-l2.novalocal    | b'{"usage": 3.4, "timestamp": "2020-11-17 09:38:31.668131"}'
app_glowna_backend.1.khhge5d0zv9t@centos-l2.novalocal    | b'{"usage": 2.7, "timestamp": "2020-11-17 09:39:01.720824"}'
app_glowna_backend.1.khhge5d0zv9t@centos-l2.novalocal    | b'{"usage": 3.4, "timestamp": "2020-11-17 09:39:31.792503"}'
app_glowna_backend.1.khhge5d0zv9t@centos-l2.novalocal    | b'{"usage": 2.9, "timestamp": "2020-11-17 09:40:01.860707"}'
app_glowna_backend.1.khhge5d0zv9t@centos-l2.novalocal    | b'{"usage": 3.9, "timestamp": "2020-11-17 09:40:31.932416"}'
app_glowna_backend.1.khhge5d0zv9t@centos-l2.novalocal    | b'{"usage": 2.6, "timestamp": "2020-11-17 09:41:01.999723"}'
app_glowna_backend.1.khhge5d0zv9t@centos-l2.novalocal    | b'{"usage": 3.4, "timestamp": "2020-11-17 09:41:32.045656"}'
app_glowna_backend.1.khhge5d0zv9t@centos-l2.novalocal    | b'{"usage": 2.8, "timestamp": "2020-11-17 09:42:02.113922"}'
app_glowna_backend.1.khhge5d0zv9t@centos-l2.novalocal    | b'{"usage": 3.6, "timestamp": "2020-11-17 09:42:32.159484"}'
app_glowna_backend.1.khhge5d0zv9t@centos-l2.novalocal    | b'{"usage": 3.0, "timestamp": "2020-11-17 09:43:02.230258"}'
app_glowna_backend.1.khhge5d0zv9t@centos-l2.novalocal    | b'{"usage": 3.5, "timestamp": "2020-11-17 09:43:32.301105"}'
app_glowna_backend.1.khhge5d0zv9t@centos-l2.novalocal    | b'{"usage": 3.2, "timestamp": "2020-11-17 09:44:02.347468"}'
app_glowna_backend.1.khhge5d0zv9t@centos-l2.novalocal    | b'{"usage": 2.6, "timestamp": "2020-11-17 09:44:32.418314"}'
app_glowna_backend.1.khhge5d0zv9t@centos-l2.novalocal    | b'{"usage": 3.9, "timestamp": "2020-11-17 09:45:02.489332"}'
app_glowna_backend.1.khhge5d0zv9t@centos-l2.novalocal    | b'{"usage": 2.5, "timestamp": "2020-11-17 09:45:32.534901"}'
app_glowna_backend.1.khhge5d0zv9t@centos-l2.novalocal    | b'{"usage": 3.9, "timestamp": "2020-11-17 09:46:02.605823"}'
app_glowna_backend.1.khhge5d0zv9t@centos-l2.novalocal    | b'{"usage": 2.5, "timestamp": "2020-11-17 09:46:32.665478"}'
app_glowna_backend.1.khhge5d0zv9t@centos-l2.novalocal    | b'{"usage": 3.9, "timestamp": "2020-11-17 09:47:02.729864"}'
app_glowna_backend.1.khhge5d0zv9t@centos-l2.novalocal    | b'{"usage": 2.5, "timestamp": "2020-11-17 09:47:32.782896"}'
app_glowna_backend.1.khhge5d0zv9t@centos-l2.novalocal    | b'{"usage": 3.6, "timestamp": "2020-11-17 09:48:02.838507"}'
app_glowna_backend.1.khhge5d0zv9t@centos-l2.novalocal    | b'{"usage": 2.4, "timestamp": "2020-11-17 09:48:32.901388"}'
app_glowna_backend.1.khhge5d0zv9t@centos-l2.novalocal    | b'{"usage": 3.7, "timestamp": "2020-11-17 09:49:02.966395"}'
app_glowna_backend.1.khhge5d0zv9t@centos-l2.novalocal    | b'{"usage": 2.7, "timestamp": "2020-11-17 09:49:33.029580"}'
app_glowna_backend.1.khhge5d0zv9t@centos-l2.novalocal    | b'{"usage": 3.8, "timestamp": "2020-11-17 09:50:03.094967"}'
app_glowna_backend.1.khhge5d0zv9t@centos-l2.novalocal    | b'{"usage": 2.6, "timestamp": "2020-11-17 09:50:33.138830"}'
app_glowna_backend.1.khhge5d0zv9t@centos-l2.novalocal    | b'{"usage": 3.6, "timestamp": "2020-11-17 09:51:03.210106"}'
app_glowna_backend.1.khhge5d0zv9t@centos-l2.novalocal    | b'{"usage": 2.8, "timestamp": "2020-11-17 09:51:33.257833"}'
app_glowna_backend.1.khhge5d0zv9t@centos-l2.novalocal    | b'{"usage": 3.8, "timestamp": "2020-11-17 09:52:03.328435"}'
app_glowna_backend.1.drp11er0qxkr@centos-l2.novalocal    | b'{"usage": 3.0, "timestamp": "2020-11-17 22:39:14.332226"}'
app_glowna_backend.1.drp11er0qxkr@centos-l2.novalocal    | b'{"usage": 3.7, "timestamp": "2020-11-17 22:39:44.384396"}'
app_glowna_backend.1.drp11er0qxkr@centos-l2.novalocal    | b'{"usage": 3.0, "timestamp": "2020-11-17 22:40:14.446456"}'
app_glowna_backend.1.drp11er0qxkr@centos-l2.novalocal    | b'{"usage": 3.6, "timestamp": "2020-11-17 22:40:44.504405"}'
app_glowna_backend.1.drp11er0qxkr@centos-l2.novalocal    | b'{"usage": 3.0, "timestamp": "2020-11-17 22:41:14.557881"}'
app_glowna_backend.1.drp11er0qxkr@centos-l2.novalocal    | b'{"usage": 3.6, "timestamp": "2020-11-17 22:41:44.626495"}'
app_glowna_backend.1.drp11er0qxkr@centos-l2.novalocal    | b'{"usage": 2.9, "timestamp": "2020-11-17 22:42:14.675384"}'
app_glowna_backend.1.drp11er0qxkr@centos-l2.novalocal    | b'{"usage": 3.5, "timestamp": "2020-11-17 22:42:44.738812"}'
app_glowna_backend.1.drp11er0qxkr@centos-l2.novalocal    | b'{"usage": 2.8, "timestamp": "2020-11-17 22:43:14.785424"}'
app_glowna_backend.1.drp11er0qxkr@centos-l2.novalocal    | b'{"usage": 3.9, "timestamp": "2020-11-17 22:43:44.842805"}'
app_glowna_backend.1.drp11er0qxkr@centos-l2.novalocal    | b'{"usage": 3.3, "timestamp": "2020-11-17 22:44:14.889456"}'
app_glowna_backend.1.drp11er0qxkr@centos-l2.novalocal    | b'{"usage": 3.6, "timestamp": "2020-11-17 22:44:44.933887"}'
app_glowna_backend.1.drp11er0qxkr@centos-l2.novalocal    | b'{"usage": 2.8, "timestamp": "2020-11-17 22:45:14.997870"}'
app_glowna_backend.1.drp11er0qxkr@centos-l2.novalocal    | b'{"usage": 3.6, "timestamp": "2020-11-17 22:45:45.066448"}'
app_glowna_backend.1.drp11er0qxkr@centos-l2.novalocal    | b'{"usage": 3.2, "timestamp": "2020-11-17 22:46:15.108805"}'
app_glowna_backend.1.drp11er0qxkr@centos-l2.novalocal    | b'{"usage": 3.7, "timestamp": "2020-11-17 22:46:45.176447"}'
app_glowna_backend.1.drp11er0qxkr@centos-l2.novalocal    | b'{"usage": 3.0, "timestamp": "2020-11-17 22:47:15.231446"}'
app_glowna_backend.1.drp11er0qxkr@centos-l2.novalocal    | b'{"usage": 3.8, "timestamp": "2020-11-17 22:47:45.288674"}'
app_glowna_backend.1.drp11er0qxkr@centos-l2.novalocal    | b'{"usage": 2.9, "timestamp": "2020-11-17 22:48:15.349818"}'
app_glowna_backend.1.drp11er0qxkr@centos-l2.novalocal    | b'{"usage": 3.8, "timestamp": "2020-11-17 22:48:45.414820"}'
app_glowna_backend.1.drp11er0qxkr@centos-l2.novalocal    | b'{"usage": 3.5, "timestamp": "2020-11-17 22:49:15.471496"}'
app_glowna_backend.1.drp11er0qxkr@centos-l2.novalocal    | b'{"usage": 3.6, "timestamp": "2020-11-17 22:49:45.542229"}'
app_glowna_backend.1.drp11er0qxkr@centos-l2.novalocal    | b'{"usage": 3.0, "timestamp": "2020-11-17 22:50:15.612400"}'
app_glowna_backend.1.drp11er0qxkr@centos-l2.novalocal    | b'{"usage": 3.5, "timestamp": "2020-11-17 22:50:45.683168"}'
app_glowna_backend.1.drp11er0qxkr@centos-l2.novalocal    | b'{"usage": 3.7, "timestamp": "2020-11-17 22:51:15.728146"}'
app_glowna_backend.1.drp11er0qxkr@centos-l2.novalocal    | b'{"usage": 3.6, "timestamp": "2020-11-17 22:51:45.783073"}'
app_glowna_backend.1.drp11er0qxkr@centos-l2.novalocal    | b'{"usage": 2.8, "timestamp": "2020-11-17 22:52:15.854176"}'
app_glowna_backend.1.drp11er0qxkr@centos-l2.novalocal    | b'{"usage": 3.6, "timestamp": "2020-11-17 22:52:45.925609"}'
app_glowna_backend.1.khhge5d0zv9t@centos-l2.novalocal    | b'{"usage": 2.3, "timestamp": "2020-11-17 09:52:33.392482"}'
app_glowna_backend.1.khhge5d0zv9t@centos-l2.novalocal    | b'{"usage": 3.6, "timestamp": "2020-11-17 09:53:03.451372"}'
app_glowna_backend.1.khhge5d0zv9t@centos-l2.novalocal    | b'{"usage": 2.9, "timestamp": "2020-11-17 09:53:33.521722"}'
app_glowna_backend.1.khhge5d0zv9t@centos-l2.novalocal    | b'{"usage": 3.4, "timestamp": "2020-11-17 09:54:03.580477"}'
app_glowna_backend.1.khhge5d0zv9t@centos-l2.novalocal    | b'{"usage": 2.8, "timestamp": "2020-11-17 09:54:33.637870"}'app_glowna_backend.1.uolx75lop6zc@centos-l2.novalocal    | b'{"usage": 3.9, "timestamp": "2020-11-17 13:33:04.929606"}'
app_glowna_backend.1.uolx75lop6zc@centos-l2.novalocal    | b'{"usage": 2.8, "timestamp": "2020-11-17 13:33:34.986637"}'
app_glowna_backend.1.uolx75lop6zc@centos-l2.novalocal    | b'{"usage": 3.8, "timestamp": "2020-11-17 13:34:05.037763"}'
app_glowna_backend.1.uolx75lop6zc@centos-l2.novalocal    | b'{"usage": 2.4, "timestamp": "2020-11-17 13:34:35.101249"}'
app_glowna_backend.1.uolx75lop6zc@centos-l2.novalocal    | b'{"usage": 3.6, "timestamp": "2020-11-17 13:35:05.158673"}'
app_glowna_backend.1.uolx75lop6zc@centos-l2.novalocal    | b'{"usage": 2.4, "timestamp": "2020-11-17 13:35:35.206402"}'
app_glowna_backend.1.uolx75lop6zc@centos-l2.novalocal    | b'{"usage": 3.8, "timestamp": "2020-11-17 13:36:05.267387"}'
app_glowna_backend.1.uolx75lop6zc@centos-l2.novalocal    | b'{"usage": 2.5, "timestamp": "2020-11-17 13:36:35.323934"}'
app_glowna_backend.1.uolx75lop6zc@centos-l2.novalocal    | b'{"usage": 3.6, "timestamp": "2020-11-17 13:37:05.374926"}'
app_glowna_backend.1.uolx75lop6zc@centos-l2.novalocal    | b'{"usage": 2.4, "timestamp": "2020-11-17 13:37:35.446285"}'
app_glowna_backend.1.uolx75lop6zc@centos-l2.novalocal    | b'{"usage": 3.8, "timestamp": "2020-11-17 13:38:05.502607"}'
app_glowna_backend.1.uolx75lop6zc@centos-l2.novalocal    | b'{"usage": 2.5, "timestamp": "2020-11-17 13:38:35.573092"}'
app_glowna_backend.1.uolx75lop6zc@centos-l2.novalocal    | b'{"usage": 3.6, "timestamp": "2020-11-17 13:39:05.615671"}'
app_glowna_backend.1.uolx75lop6zc@centos-l2.novalocal    | b'{"usage": 2.5, "timestamp": "2020-11-17 13:39:35.686156"}'
app_glowna_backend.1.uolx75lop6zc@centos-l2.novalocal    | b'{"usage": 3.8, "timestamp": "2020-11-17 13:40:05.752883"}'
app_glowna_backend.1.uolx75lop6zc@centos-l2.novalocal    | b'{"usage": 2.4, "timestamp": "2020-11-17 13:40:35.806420"}'
app_glowna_backend.1.uolx75lop6zc@centos-l2.novalocal    | b'{"usage": 3.7, "timestamp": "2020-11-17 13:41:05.866440"}'
app_glowna_backend.1.uolx75lop6zc@centos-l2.novalocal    | b'{"usage": 2.6, "timestamp": "2020-11-17 13:41:35.928224"}'
app_glowna_backend.1.uolx75lop6zc@centos-l2.novalocal    | b'{"usage": 3.8, "timestamp": "2020-11-17 13:42:05.999121"}'
app_glowna_backend.1.uolx75lop6zc@centos-l2.novalocal    | b'{"usage": 2.4, "timestamp": "2020-11-17 13:42:36.060013"}'
app_glowna_backend.1.uolx75lop6zc@centos-l2.novalocal    | b'{"usage": 3.8, "timestamp": "2020-11-17 13:43:06.126224"}'
app_glowna_backend.1.uolx75lop6zc@centos-l2.novalocal    | b'{"usage": 2.3, "timestamp": "2020-11-17 13:43:36.197153"}'
app_glowna_backend.1.uolx75lop6zc@centos-l2.novalocal    | b'{"usage": 3.8, "timestamp": "2020-11-17 13:44:06.257632"}'
app_glowna_backend.1.uolx75lop6zc@centos-l2.novalocal    | b'{"usage": 2.6, "timestamp": "2020-11-17 13:44:36.328384"}'
app_glowna_backend.1.uolx75lop6zc@centos-l2.novalocal    | b'{"usage": 4.0, "timestamp": "2020-11-17 13:45:06.377524"}'
app_glowna_backend.1.uolx75lop6zc@centos-l2.novalocal    | b'{"usage": 2.5, "timestamp": "2020-11-17 13:45:36.448107"}'
app_glowna_backend.1.uolx75lop6zc@centos-l2.novalocal    | b'{"usage": 3.7, "timestamp": "2020-11-17 13:46:06.521486"}'
app_glowna_backend.1.uolx75lop6zc@centos-l2.novalocal    | b'{"usage": 2.6, "timestamp": "2020-11-17 13:46:36.571722"}'
app_glowna_backend.1.uolx75lop6zc@centos-l2.novalocal    | b'{"usage": 3.7, "timestamp": "2020-11-17 13:47:06.642433"}'
app_glowna_backend.1.uolx75lop6zc@centos-l2.novalocal    | b'{"usage": 2.4, "timestamp": "2020-11-17 13:47:36.713165"}'
app_glowna_backend.1.uolx75lop6zc@centos-l2.novalocal    | b'{"usage": 3.8, "timestamp": "2020-11-17 13:48:06.784551"}'
app_glowna_backend.1.uolx75lop6zc@centos-l2.novalocal    | b'{"usage": 2.5, "timestamp": "2020-11-17 13:48:36.855321"}'
app_glowna_backend.1.uolx75lop6zc@centos-l2.novalocal    | b'{"usage": 4.1, "timestamp": "2020-11-17 13:49:06.926186"}'
app_glowna_backend.1.uolx75lop6zc@centos-l2.novalocal    | b'{"usage": 2.9, "timestamp": "2020-11-17 13:49:36.997520"}'
app_glowna_backend.1.uolx75lop6zc@centos-l2.novalocal    | b'{"usage": 3.7, "timestamp": "2020-11-17 13:50:07.057734"}'
app_glowna_backend.1.uolx75lop6zc@centos-l2.novalocal    | b'{"usage": 2.9, "timestamp": "2020-11-17 13:50:37.129651"}'
app_glowna_backend.1.uolx75lop6zc@centos-l2.novalocal    | b'{"usage": 4.2, "timestamp": "2020-11-17 13:51:07.200285"}'
app_glowna_backend.1.uolx75lop6zc@centos-l2.novalocal    | b'{"usage": 2.8, "timestamp": "2020-11-17 13:51:37.271480"}'
app_glowna_backend.1.uolx75lop6zc@centos-l2.novalocal    | b'{"usage": 3.9, "timestamp": "2020-11-17 13:52:07.342574"}'
app_glowna_backend.1.uolx75lop6zc@centos-l2.novalocal    | b'{"usage": 2.7, "timestamp": "2020-11-17 13:52:37.408863"}'
app_glowna_backend.1.uolx75lop6zc@centos-l2.novalocal    | b'{"usage": 4.1, "timestamp": "2020-11-17 13:53:07.476743"}'
app_glowna_backend.1.uolx75lop6zc@centos-l2.novalocal    | b'{"usage": 3.0, "timestamp": "2020-11-17 13:53:37.545217"}'
app_glowna_backend.1.uolx75lop6zc@centos-l2.novalocal    | b'{"usage": 4.3, "timestamp": "2020-11-17 13:54:07.596539"}'
app_glowna_backend.1.uolx75lop6zc@centos-l2.novalocal    | b'{"usage": 2.9, "timestamp": "2020-11-17 13:54:37.662716"}'
app_glowna_backend.1.uolx75lop6zc@centos-l2.novalocal    | b'{"usage": 3.8, "timestamp": "2020-11-17 13:55:07.724486"}'
app_glowna_backend.1.uolx75lop6zc@centos-l2.novalocal    | b'{"usage": 2.7, "timestamp": "2020-11-17 13:55:37.791834"}'
app_glowna_backend.1.uolx75lop6zc@centos-l2.novalocal    | b'{"usage": 4.0, "timestamp": "2020-11-17 13:56:07.857528"}'
app_glowna_backend.1.uolx75lop6zc@centos-l2.novalocal    | b'{"usage": 2.4, "timestamp": "2020-11-17 13:56:37.916471"}'
app_glowna_backend.1.uolx75lop6zc@centos-l2.novalocal    | b'{"usage": 3.6, "timestamp": "2020-11-17 13:57:07.982572"}'
app_glowna_backend.1.uolx75lop6zc@centos-l2.novalocal    | b'{"usage": 2.5, "timestamp": "2020-11-17 13:57:38.030556"}'
app_glowna_backend.1.uolx75lop6zc@centos-l2.novalocal    | b'{"usage": 4.0, "timestamp": "2020-11-17 13:58:08.101241"}'
app_glowna_backend.1.uolx75lop6zc@centos-l2.novalocal    | b'{"usage": 2.6, "timestamp": "2020-11-17 13:58:38.172198"}'
app_glowna_backend.1.uolx75lop6zc@centos-l2.novalocal    | b'{"usage": 3.8, "timestamp": "2020-11-17 13:59:08.243167"}'
app_glowna_backend.1.uolx75lop6zc@centos-l2.novalocal    | b'{"usage": 2.8, "timestamp": "2020-11-17 13:59:38.314407"}'
app_glowna_backend.1.uolx75lop6zc@centos-l2.novalocal    | b'{"usage": 4.1, "timestamp": "2020-11-17 14:00:08.385392"}'
app_glowna_backend.1.uolx75lop6zc@centos-l2.novalocal    | b'{"usage": 2.9, "timestamp": "2020-11-17 14:00:38.456441"}'
app_glowna_backend.1.uolx75lop6zc@centos-l2.novalocal    | b'{"usage": 3.7, "timestamp": "2020-11-17 14:01:08.527459"}'
app_glowna_backend.1.uolx75lop6zc@centos-l2.novalocal    | b'{"usage": 2.9, "timestamp": "2020-11-17 14:01:38.582732"}'
app_glowna_backend.1.uolx75lop6zc@centos-l2.novalocal    | b'{"usage": 2.9, "timestamp": "2020-11-17 14:02:08.649593"}'
app_glowna_backend.1.uolx75lop6zc@centos-l2.novalocal    | b'{"usage": 3.6, "timestamp": "2020-11-17 14:02:38.714573"}'
app_glowna_backend.1.uolx75lop6zc@centos-l2.novalocal    | b'{"usage": 3.0, "timestamp": "2020-11-17 14:03:08.774555"}'
app_glowna_backend.1.uolx75lop6zc@centos-l2.novalocal    | b'{"usage": 3.8, "timestamp": "2020-11-17 14:03:38.836504"}'
app_glowna_backend.1.uolx75lop6zc@centos-l2.novalocal    | b'{"usage": 3.4, "timestamp": "2020-11-17 14:04:08.907182"}'
app_glowna_backend.1.uolx75lop6zc@centos-l2.novalocal    | b'{"usage": 3.5, "timestamp": "2020-11-17 14:04:38.978171"}'
app_glowna_backend.1.uolx75lop6zc@centos-l2.novalocal    | b'{"usage": 2.7, "timestamp": "2020-11-17 14:05:09.037266"}'
app_glowna_backend.1.uolx75lop6zc@centos-l2.novalocal    | b'{"usage": 3.5, "timestamp": "2020-11-17 14:05:39.108135"}'
app_glowna_backend.1.uolx75lop6zc@centos-l2.novalocal    | b'{"usage": 3.3, "timestamp": "2020-11-17 14:06:09.179299"}'
app_glowna_backend.1.uolx75lop6zc@centos-l2.novalocal    | b'{"usage": 4.0, "timestamp": "2020-11-17 14:06:39.240815"}'
app_glowna_backend.1.uolx75lop6zc@centos-l2.novalocal    | b'{"usage": 3.7, "timestamp": "2020-11-17 14:07:09.300940"}'
app_glowna_backend.1.uolx75lop6zc@centos-l2.novalocal    | b'{"usage": 3.6, "timestamp": "2020-11-17 14:07:39.368524"}'
app_glowna_backend.1.uolx75lop6zc@centos-l2.novalocal    | b'{"usage": 3.1, "timestamp": "2020-11-17 14:08:09.425183"}'
app_glowna_backend.1.uolx75lop6zc@centos-l2.novalocal    | b'{"usage": 3.4, "timestamp": "2020-11-17 14:08:39.484474"}'
app_glowna_backend.1.uolx75lop6zc@centos-l2.novalocal    | b'{"usage": 2.7, "timestamp": "2020-11-17 14:09:09.540498"}'
app_glowna_backend.1.uolx75lop6zc@centos-l2.novalocal    | b'{"usage": 3.4, "timestamp": "2020-11-17 14:09:39.607291"}'
app_glowna_backend.1.uolx75lop6zc@centos-l2.novalocal    | b'{"usage": 3.0, "timestamp": "2020-11-17 14:10:09.660645"}'
app_glowna_backend.1.uolx75lop6zc@centos-l2.novalocal    | b'{"usage": 3.7, "timestamp": "2020-11-17 14:10:39.720904"}'
app_glowna_backend.1.uolx75lop6zc@centos-l2.novalocal    | b'{"usage": 2.8, "timestamp": "2020-11-17 14:11:09.783496"}'
app_glowna_backend.1.uolx75lop6zc@centos-l2.novalocal    | b'{"usage": 3.9, "timestamp": "2020-11-17 14:11:39.840536"}'
app_glowna_backend.1.uolx75lop6zc@centos-l2.novalocal    | b'{"usage": 3.1, "timestamp": "2020-11-17 14:12:09.900606"}'
app_glowna_backend.1.uolx75lop6zc@centos-l2.novalocal    | b'{"usage": 3.4, "timestamp": "2020-11-17 14:12:39.960529"}'
app_glowna_backend.1.uolx75lop6zc@centos-l2.novalocal    | b'{"usage": 3.1, "timestamp": "2020-11-17 14:13:10.020807"}'
app_glowna_backend.1.uolx75lop6zc@centos-l2.novalocal    | b'{"usage": 3.6, "timestamp": "2020-11-17 14:13:40.080703"}'
app_glowna_backend.1.uolx75lop6zc@centos-l2.novalocal    | b'{"usage": 3.2, "timestamp": "2020-11-17 14:14:10.140830"}'
app_glowna_backend.1.uolx75lop6zc@centos-l2.novalocal    | b'{"usage": 3.4, "timestamp": "2020-11-17 14:14:40.200530"}'
app_glowna_backend.1.uolx75lop6zc@centos-l2.novalocal    | b'{"usage": 2.8, "timestamp": "2020-11-17 14:15:10.260468"}'
app_glowna_backend.1.uolx75lop6zc@centos-l2.novalocal    | b'{"usage": 3.4, "timestamp": "2020-11-17 14:15:40.320762"}'
app_glowna_backend.1.uolx75lop6zc@centos-l2.novalocal    | b'{"usage": 2.9, "timestamp": "2020-11-17 14:16:10.380567"}'
app_glowna_backend.1.uolx75lop6zc@centos-l2.novalocal    | b'{"usage": 3.7, "timestamp": "2020-11-17 14:16:40.440529"}'
app_glowna_backend.1.uolx75lop6zc@centos-l2.novalocal    | b'{"usage": 2.9, "timestamp": "2020-11-17 14:17:10.496794"}'
app_glowna_backend.1.uolx75lop6zc@centos-l2.novalocal    | b'{"usage": 3.4, "timestamp": "2020-11-17 14:17:40.560646"}'
app_glowna_backend.1.uolx75lop6zc@centos-l2.novalocal    | b'{"usage": 3.0, "timestamp": "2020-11-17 14:18:10.620531"}'
app_glowna_backend.1.uolx75lop6zc@centos-l2.novalocal    | b'{"usage": 3.6, "timestamp": "2020-11-17 14:18:40.680541"}'
app_glowna_backend.1.uolx75lop6zc@centos-l2.novalocal    | b'{"usage": 2.7, "timestamp": "2020-11-17 14:19:10.740519"}'
app_glowna_backend.1.uolx75lop6zc@centos-l2.novalocal    | b'{"usage": 3.6, "timestamp": "2020-11-17 14:19:40.800481"}'
app_glowna_backend.1.uolx75lop6zc@centos-l2.novalocal    | b'{"usage": 3.1, "timestamp": "2020-11-17 14:20:10.860527"}'
app_glowna_backend.1.uolx75lop6zc@centos-l2.novalocal    | b'{"usage": 3.5, "timestamp": "2020-11-17 14:20:40.920680"}'
app_glowna_backend.1.uolx75lop6zc@centos-l2.novalocal    | b'{"usage": 2.8, "timestamp": "2020-11-17 14:21:10.980748"}'
app_glowna_backend.1.uolx75lop6zc@centos-l2.novalocal    | b'{"usage": 3.8, "timestamp": "2020-11-17 14:21:41.040477"}'
app_glowna_backend.1.uolx75lop6zc@centos-l2.novalocal    | b'{"usage": 3.1, "timestamp": "2020-11-17 14:22:11.100685"}'
app_glowna_backend.1.uolx75lop6zc@centos-l2.novalocal    | b'{"usage": 3.3, "timestamp": "2020-11-17 14:22:41.160560"}'